Thu May 19 20:11:43 CEST 2016 : Server di rete Apache Derby: 10.11.1.2 - (1629631) avviato e pronto ad accettare connessioni sulla porta 1527
----------------------------------------------------------------
Thu May 19 20:12:06 CEST 2016:
Avvio della versione di Derby The Apache Software Foundation - Apache Derby - 10.11.1.2 - (1629631): istanza a816c00e-0154-ca37-512c-ffffb7653cf1
sulla directory di database C:\Users\Luigi\Documents\NetBeansProjects\AMM_GRUPPOA\AmmM4\web\WEB-INF\db\ammdb con caricatore classi sun.misc.Launcher$AppClassLoader@5e2de80c 
Caricato da file:/C:/Program%20Files/Java/jdk1.8.0_73/db/lib/derby.jar
java.vendor=Oracle Corporation
java.runtime.version=1.8.0_73-b02
user.dir=C:\Program Files\Java\jdk1.8.0_73\db
os.name=Windows 7
os.arch=amd64
os.version=6.1
derby.system.home=C:\Users\Luigi\Documents\NetBeansProjects\AMM_GRUPPOA\AmmM4\web\WEB-INF\db
Programma di caricamento classe database avviato - derby.database.classpath=''
----------------------------------------------------------------
Thu May 19 20:12:08 CEST 2016:
Arresto dell'istanza a816c00e-0154-ca37-512c-ffffb7653cf1 nella directory del database C:\Users\Luigi\Documents\NetBeansProjects\AMM_GRUPPOA\AmmM4\web\WEB-INF\db\ammdb con il caricatore di classi sun.misc.Launcher$AppClassLoader@5e2de80c 
Thu May 19 20:12:08 CEST 2016 Thread[DRDAConnThread_2,5,main] (DATABASE = ammdb), (DRDAID = {2}), Chiusura del database 'ammdb'.
----------------------------------------------------------------
Thu May 19 20:12:13 CEST 2016:
Avvio della versione di Derby The Apache Software Foundation - Apache Derby - 10.11.1.2 - (1629631): istanza a65c80ac-0154-ca37-512c-ffffb7653cf1
sulla directory di database C:\Users\Luigi\Documents\NetBeansProjects\AMM_GRUPPOA\AmmM4\web\WEB-INF\db\ammdb con caricatore classi sun.misc.Launcher$AppClassLoader@5e2de80c 
Caricato da file:/C:/Program%20Files/Java/jdk1.8.0_73/db/lib/derby.jar
java.vendor=Oracle Corporation
java.runtime.version=1.8.0_73-b02
user.dir=C:\Program Files\Java\jdk1.8.0_73\db
os.name=Windows 7
os.arch=amd64
os.version=6.1
derby.system.home=C:\Users\Luigi\Documents\NetBeansProjects\AMM_GRUPPOA\AmmM4\web\WEB-INF\db
Programma di caricamento classe database avviato - derby.database.classpath=''
